<?xml version="1.0" encoding="UTF-8"?>
<!-- Generated by org.testng.reporters.JUnitXMLReporter -->
<testsuite hostname="BINGPEI-WIN7" name="Default test" tests="4" failures="0" timestamp="2 Sep 2016 13:53:04 GMT" time="8.922" errors="0">
  <testcase name="testHeaderGet" time="0.832" classname="com.easytesting.http.testing.EasyHttpClientTest"/>
  <testcase name="testProxyGet" time="1.983" classname="com.easytesting.http.testing.EasyHttpClientTest"/>
  <testcase name="testSimpleGet" time="6.028" classname="com.easytesting.http.testing.EasyHttpClientTest"/>
  <testcase name="testhttpsGet" time="0.045" classname="com.easytesting.http.testing.EasyHttpClientTest"/>
</testsuite> <!-- Default test -->
