<?xml version="1.0" encoding="UTF-8"?>
<!-- Generated by org.testng.reporters.JUnitXMLReporter -->
<testsuite hostname="BINGPEI-WIN7" name="Default test" tests="5" failures="0" timestamp="5 Sep 2016 03:17:01 GMT" time="7.414" errors="0">
  <testcase name="testDownload" time="2.998" classname="com.easytesting.http.testing.EasyHttpClientTest"/>
  <testcase name="testHeaderGet" time="1.309" classname="com.easytesting.http.testing.EasyHttpClientTest"/>
  <testcase name="testProxyGet" time="1.614" classname="com.easytesting.http.testing.EasyHttpClientTest"/>
  <testcase name="testSimpleGet" time="1.044" classname="com.easytesting.http.testing.EasyHttpClientTest"/>
  <testcase name="testhttpsGet" time="0.403" classname="com.easytesting.http.testing.EasyHttpClientTest"/>
</testsuite> <!-- Default test -->
